SPD-classes/build/outputs/logs/manifest-merger-debug-report.txt
-- Merging decision tree log ---
manifest
ADDED from src\main\AndroidManifest.xml:1:1-17:12
INJECTED from src\main\AndroidManifest.xml:1:1-17:12
INJECTED from src\main\AndroidManifest.xml:1:1-17:12
	package
		ADDED from src\main\AndroidManifest.xml:2:5-26
		INJECTED from src\main\AndroidManifest.xml
		INJECTED from src\main\AndroidManifest.xml
	xmlns:android
		ADDED from src\main\AndroidManifest.xml:1:11-69
uses-permission#android.permission.VIBRATE
ADDED from src\main\AndroidManifest.xml:4:5-65
	android:name
		ADDED from src\main\AndroidManifest.xml:4:22-63
uses-sdk
ADDED from src\main\AndroidManifest.xml:6:5-7:36
	android:minSdkVersion
		ADDED from src\main\AndroidManifest.xml:7:9-34
uses-feature#0x00020000
ADDED from src\main\AndroidManifest.xml:9:5-10:43
	android:glEsVersion
		ADDED from src\main\AndroidManifest.xml:10:9-41
application
ADDED from src\main\AndroidManifest.xml:12:5-15:19
	android:label
		ADDED from src\main\AndroidManifest.xml:13:9-41